{"D:\\project\\Vyapar-Sathi\\Backend-Vyapar-Sathi\\modules\\cart\\cart.model.js": {"path":"D:\\project\\Vyapar-Sathi\\Backend-Vyapar-Sathi\\modules\\cart\\cart.model.js","statementMap":{"0":{"start":{"line":3,"column":19},"end":{"line":50,"column":24}},"1":{"start":{"line":52,"column":13},"end":{"line":52,"column":47}}},"fnMap":{},"branchMap":{},"s":{"0":1,"1":1},"f":{},"b":{},"inputSourceMap":null,"_coverageSchema":"1a1c01bbd47fc00a2c39e90264f33305004495a9","hash":"0cd42a3eb16eb47cee6abfe5a2b74ff565f96f3a"}
,"D:\\project\\Vyapar-Sathi\\Backend-Vyapar-Sathi\\modules\\cart\\cart.service.js": {"path":"D:\\project\\Vyapar-Sathi\\Backend-Vyapar-Sathi\\modules\\cart\\cart.service.js","statementMap":{"0":{"start":{"line":5,"column":26},"end":{"line":29,"column":1}},"1":{"start":{"line":6,"column":4},"end":{"line":28,"column":5}},"2":{"start":{"line":7,"column":8},"end":{"line":9,"column":9}},"3":{"start":{"line":8,"column":12},"end":{"line":8,"column":78}},"4":{"start":{"line":11,"column":19},"end":{"line":15,"column":10}},"5":{"start":{"line":17,"column":8},"end":{"line":19,"column":9}},"6":{"start":{"line":18,"column":12},"end":{"line":18,"column":24}},"7":{"start":{"line":21,"column":8},"end":{"line":21,"column":43}},"8":{"start":{"line":22,"column":8},"end":{"line":24,"column":9}},"9":{"start":{"line":23,"column":12},"end":{"line":23,"column":61}},"10":{"start":{"line":25,"column":8},"end":{"line":25,"column":20}},"11":{"start":{"line":27,"column":8},"end":{"line":27,"column":20}},"12":{"start":{"line":31,"column":29},"end":{"line":39,"column":1}},"13":{"start":{"line":32,"column":17},"end":{"line":36,"column":5}},"14":{"start":{"line":37,"column":4},"end":{"line":37,"column":57}},"15":{"start":{"line":37,"column":15},"end":{"line":37,"column":57}},"16":{"start":{"line":38,"column":4},"end":{"line":38,"column":16}},"17":{"start":{"line":41,"column":29},"end":{"line":69,"column":1}},"18":{"start":{"line":42,"column":17},"end":{"line":42,"column":44}},"19":{"start":{"line":43,"column":4},"end":{"line":43,"column":57}},"20":{"start":{"line":43,"column":15},"end":{"line":43,"column":57}},"21":{"start":{"line":44,"column":4},"end":{"line":46,"column":5}},"22":{"start":{"line":45,"column":8},"end":{"line":45,"column":78}},"23":{"start":{"line":48,"column":20},"end":{"line":48,"column":53}},"24":{"start":{"line":49,"column":4},"end":{"line":49,"column":63}},"25":{"start":{"line":49,"column":18},"end":{"line":49,"column":63}},"26":{"start":{"line":50,"column":4},"end":{"line":50,"column":83}},"27":{"start":{"line":50,"column":37},"end":{"line":50,"column":83}},"28":{"start":{"line":52,"column":22},"end":{"line":52,"column":86}},"29":{"start":{"line":52,"column":51},"end":{"line":52,"column":85}},"30":{"start":{"line":54,"column":4},"end":{"line":62,"column":5}},"31":{"start":{"line":55,"column":8},"end":{"line":55,"column":54}},"32":{"start":{"line":57,"column":8},"end":{"line":61,"column":11}},"33":{"start":{"line":65,"column":4},"end":{"line":65,"column":97}},"34":{"start":{"line":65,"column":58},"end":{"line":65,"column":92}},"35":{"start":{"line":67,"column":4},"end":{"line":67,"column":22}},"36":{"start":{"line":68,"column":4},"end":{"line":68,"column":16}},"37":{"start":{"line":71,"column":30},"end":{"line":81,"column":1}},"38":{"start":{"line":72,"column":17},"end":{"line":72,"column":44}},"39":{"start":{"line":73,"column":4},"end":{"line":73,"column":57}},"40":{"start":{"line":73,"column":15},"end":{"line":73,"column":57}},"41":{"start":{"line":75,"column":4},"end":{"line":75,"column":31}},"42":{"start":{"line":76,"column":4},"end":{"line":76,"column":32}},"43":{"start":{"line":77,"column":4},"end":{"line":77,"column":36}},"44":{"start":{"line":79,"column":4},"end":{"line":79,"column":22}},"45":{"start":{"line":80,"column":4},"end":{"line":80,"column":16}},"46":{"start":{"line":83,"column":30},"end":{"line":102,"column":1}},"47":{"start":{"line":84,"column":17},"end":{"line":84,"column":44}},"48":{"start":{"line":85,"column":4},"end":{"line":85,"column":57}},"49":{"start":{"line":85,"column":15},"end":{"line":85,"column":57}},"50":{"start":{"line":87,"column":4},"end":{"line":89,"column":5}},"51":{"start":{"line":88,"column":8},"end":{"line":88,"column":64}},"52":{"start":{"line":91,"column":4},"end":{"line":91,"column":30}},"53":{"start":{"line":92,"column":4},"end":{"line":92,"column":22}},"54":{"start":{"line":95,"column":4},"end":{"line":99,"column":5}},"55":{"start":{"line":96,"column":8},"end":{"line":98,"column":11}},"56":{"start":{"line":101,"column":4},"end":{"line":101,"column":16}},"57":{"start":{"line":104,"column":41},"end":{"line":119,"column":1}},"58":{"start":{"line":105,"column":17},"end":{"line":105,"column":44}},"59":{"start":{"line":106,"column":4},"end":{"line":106,"column":57}},"60":{"start":{"line":106,"column":15},"end":{"line":106,"column":57}},"61":{"start":{"line":108,"column":20},"end":{"line":112,"column":6}},"62":{"start":{"line":114,"column":4},"end":{"line":116,"column":5}},"63":{"start":{"line":115,"column":8},"end":{"line":115,"column":85}},"64":{"start":{"line":118,"column":4},"end":{"line":118,"column":19}}},"fnMap":{"0":{"name":"(anonymous_0)","decl":{"start":{"line":5,"column":26},"end":{"line":5,"column":27}},"loc":{"start":{"line":5,"column":46},"end":{"line":29,"column":1}},"line":5},"1":{"name":"(anonymous_1)","decl":{"start":{"line":31,"column":29},"end":{"line":31,"column":30}},"loc":{"start":{"line":31,"column":47},"end":{"line":39,"column":1}},"line":31},"2":{"name":"(anonymous_2)","decl":{"start":{"line":41,"column":29},"end":{"line":41,"column":30}},"loc":{"start":{"line":41,"column":72},"end":{"line":69,"column":1}},"line":41},"3":{"name":"(anonymous_3)","decl":{"start":{"line":52,"column":46},"end":{"line":52,"column":47}},"loc":{"start":{"line":52,"column":51},"end":{"line":52,"column":85}},"line":52},"4":{"name":"(anonymous_4)","decl":{"start":{"line":65,"column":43},"end":{"line":65,"column":44}},"loc":{"start":{"line":65,"column":58},"end":{"line":65,"column":92}},"line":65},"5":{"name":"(anonymous_5)","decl":{"start":{"line":71,"column":30},"end":{"line":71,"column":31}},"loc":{"start":{"line":71,"column":59},"end":{"line":81,"column":1}},"line":71},"6":{"name":"(anonymous_6)","decl":{"start":{"line":83,"column":30},"end":{"line":83,"column":31}},"loc":{"start":{"line":83,"column":48},"end":{"line":102,"column":1}},"line":83},"7":{"name":"(anonymous_7)","decl":{"start":{"line":104,"column":41},"end":{"line":104,"column":42}},"loc":{"start":{"line":104,"column":68},"end":{"line":119,"column":1}},"line":104}},"branchMap":{"0":{"loc":{"start":{"line":7,"column":8},"end":{"line":9,"column":9}},"type":"if","locations":[{"start":{"line":7,"column":8},"end":{"line":9,"column":9}},{"start":{},"end":{}}],"line":7},"1":{"loc":{"start":{"line":7,"column":12},"end":{"line":7,"column":45}},"type":"binary-expr","locations":[{"start":{"line":7,"column":12},"end":{"line":7,"column":26}},{"start":{"line":7,"column":30},"end":{"line":7,"column":45}}],"line":7},"2":{"loc":{"start":{"line":17,"column":8},"end":{"line":19,"column":9}},"type":"if","locations":[{"start":{"line":17,"column":8},"end":{"line":19,"column":9}},{"start":{},"end":{}}],"line":17},"3":{"loc":{"start":{"line":22,"column":8},"end":{"line":24,"column":9}},"type":"if","locations":[{"start":{"line":22,"column":8},"end":{"line":24,"column":9}},{"start":{},"end":{}}],"line":22},"4":{"loc":{"start":{"line":37,"column":4},"end":{"line":37,"column":57}},"type":"if","locations":[{"start":{"line":37,"column":4},"end":{"line":37,"column":57}},{"start":{},"end":{}}],"line":37},"5":{"loc":{"start":{"line":41,"column":55},"end":{"line":41,"column":67}},"type":"default-arg","locations":[{"start":{"line":41,"column":66},"end":{"line":41,"column":67}}],"line":41},"6":{"loc":{"start":{"line":43,"column":4},"end":{"line":43,"column":57}},"type":"if","locations":[{"start":{"line":43,"column":4},"end":{"line":43,"column":57}},{"start":{},"end":{}}],"line":43},"7":{"loc":{"start":{"line":44,"column":4},"end":{"line":46,"column":5}},"type":"if","locations":[{"start":{"line":44,"column":4},"end":{"line":46,"column":5}},{"start":{},"end":{}}],"line":44},"8":{"loc":{"start":{"line":44,"column":8},"end":{"line":44,"column":60}},"type":"binary-expr","locations":[{"start":{"line":44,"column":8},"end":{"line":44,"column":34}},{"start":{"line":44,"column":38},"end":{"line":44,"column":60}}],"line":44},"9":{"loc":{"start":{"line":49,"column":4},"end":{"line":49,"column":63}},"type":"if","locations":[{"start":{"line":49,"column":4},"end":{"line":49,"column":63}},{"start":{},"end":{}}],"line":49},"10":{"loc":{"start":{"line":50,"column":4},"end":{"line":50,"column":83}},"type":"if","locations":[{"start":{"line":50,"column":4},"end":{"line":50,"column":83}},{"start":{},"end":{}}],"line":50},"11":{"loc":{"start":{"line":54,"column":4},"end":{"line":62,"column":5}},"type":"if","locations":[{"start":{"line":54,"column":4},"end":{"line":62,"column":5}},{"start":{"line":56,"column":11},"end":{"line":62,"column":5}}],"line":54},"12":{"loc":{"start":{"line":73,"column":4},"end":{"line":73,"column":57}},"type":"if","locations":[{"start":{"line":73,"column":4},"end":{"line":73,"column":57}},{"start":{},"end":{}}],"line":73},"13":{"loc":{"start":{"line":85,"column":4},"end":{"line":85,"column":57}},"type":"if","locations":[{"start":{"line":85,"column":4},"end":{"line":85,"column":57}},{"start":{},"end":{}}],"line":85},"14":{"loc":{"start":{"line":87,"column":4},"end":{"line":89,"column":5}},"type":"if","locations":[{"start":{"line":87,"column":4},"end":{"line":89,"column":5}},{"start":{},"end":{}}],"line":87},"15":{"loc":{"start":{"line":106,"column":4},"end":{"line":106,"column":57}},"type":"if","locations":[{"start":{"line":106,"column":4},"end":{"line":106,"column":57}},{"start":{},"end":{}}],"line":106},"16":{"loc":{"start":{"line":114,"column":4},"end":{"line":116,"column":5}},"type":"if","locations":[{"start":{"line":114,"column":4},"end":{"line":116,"column":5}},{"start":{},"end":{}}],"line":114}},"s":{"0":1,"1":2,"2":2,"3":1,"4":1,"5":0,"6":0,"7":0,"8":0,"9":0,"10":0,"11":2,"12":1,"13":0,"14":0,"15":0,"16":0,"17":1,"18":1,"19":0,"20":0,"21":0,"22":0,"23":0,"24":0,"25":0,"26":0,"27":0,"28":0,"29":0,"30":0,"31":0,"32":0,"33":0,"34":0,"35":0,"36":0,"37":1,"38":0,"39":0,"40":0,"41":0,"42":0,"43":0,"44":0,"45":0,"46":1,"47":1,"48":0,"49":0,"50":0,"51":0,"52":0,"53":0,"54":0,"55":0,"56":0,"57":1,"58":0,"59":0,"60":0,"61":0,"62":0,"63":0,"64":0},"f":{"0":2,"1":0,"2":1,"3":0,"4":0,"5":0,"6":1,"7":0},"b":{"0":[1,1],"1":[2,2],"2":[0,0],"3":[0,0],"4":[0,0],"5":[0],"6":[0,0],"7":[0,0],"8":[0,0],"9":[0,0],"10":[0,0],"11":[0,0],"12":[0,0],"13":[0,0],"14":[0,0],"15":[0,0],"16":[0,0]},"inputSourceMap":null,"_coverageSchema":"1a1c01bbd47fc00a2c39e90264f33305004495a9","hash":"77ce8daacd01a18fe91abcdbaa53f8869f735169"}
,"D:\\project\\Vyapar-Sathi\\Backend-Vyapar-Sathi\\modules\\store\\models\\product.model.js": {"path":"D:\\project\\Vyapar-Sathi\\Backend-Vyapar-Sathi\\modules\\store\\models\\product.model.js","statementMap":{"0":{"start":{"line":3,"column":22},"end":{"line":57,"column":2}},"1":{"start":{"line":59,"column":0},"end":{"line":59,"column":38}},"2":{"start":{"line":60,"column":0},"end":{"line":60,"column":46}},"3":{"start":{"line":61,"column":0},"end":{"line":61,"column":47}},"4":{"start":{"line":62,"column":0},"end":{"line":62,"column":47}},"5":{"start":{"line":64,"column":16},"end":{"line":64,"column":56}}},"fnMap":{},"branchMap":{},"s":{"0":1,"1":1,"2":1,"3":1,"4":1,"5":1},"f":{},"b":{},"inputSourceMap":null,"_coverageSchema":"1a1c01bbd47fc00a2c39e90264f33305004495a9","hash":"f36429e853aa873dd69c50fc77b29bba79d987f8"}
,"D:\\project\\Vyapar-Sathi\\Backend-Vyapar-Sathi\\utils\\ApiError.js": {"path":"D:\\project\\Vyapar-Sathi\\Backend-Vyapar-Sathi\\utils\\ApiError.js","statementMap":{"0":{"start":{"line":4,"column":8},"end":{"line":4,"column":23}},"1":{"start":{"line":5,"column":8},"end":{"line":5,"column":37}},"2":{"start":{"line":6,"column":8},"end":{"line":6,"column":29}}},"fnMap":{"0":{"name":"(anonymous_0)","decl":{"start":{"line":3,"column":4},"end":{"line":3,"column":5}},"loc":{"start":{"line":3,"column":45},"end":{"line":7,"column":5}},"line":3}},"branchMap":{},"s":{"0":1,"1":1,"2":1},"f":{"0":1},"b":{},"inputSourceMap":null,"_coverageSchema":"1a1c01bbd47fc00a2c39e90264f33305004495a9","hash":"45249e03ef4df84fa9d5d1751e9acdeabcad4184"}
}
