TN:
SF:modules\cart\cart.model.js
FNF:0
FNH:0
DA:3,1
DA:52,1
LF:2
LH:2
BRF:0
BRH:0
end_of_record
TN:
SF:modules\cart\cart.service.js
FN:5,(anonymous_0)
FN:31,(anonymous_1)
FN:41,(anonymous_2)
FN:52,(anonymous_3)
FN:65,(anonymous_4)
FN:71,(anonymous_5)
FN:83,(anonymous_6)
FN:104,(anonymous_7)
FNF:8
FNH:3
FNDA:2,(anonymous_0)
FNDA:0,(anonymous_1)
FNDA:1,(anonymous_2)
FNDA:0,(anonymous_3)
FNDA:0,(anonymous_4)
FNDA:0,(anonymous_5)
FNDA:1,(anonymous_6)
FNDA:0,(anonymous_7)
DA:5,1
DA:6,2
DA:7,2
DA:8,1
DA:11,1
DA:17,0
DA:18,0
DA:21,0
DA:22,0
DA:23,0
DA:25,0
DA:27,2
DA:31,1
DA:32,0
DA:37,0
DA:38,0
DA:41,1
DA:42,1
DA:43,0
DA:44,0
DA:45,0
DA:48,0
DA:49,0
DA:50,0
DA:52,0
DA:54,0
DA:55,0
DA:57,0
DA:65,0
DA:67,0
DA:68,0
DA:71,1
DA:72,0
DA:73,0
DA:75,0
DA:76,0
DA:77,0
DA:79,0
DA:80,0
DA:83,1
DA:84,1
DA:85,0
DA:87,0
DA:88,0
DA:91,0
DA:92,0
DA:95,0
DA:96,0
DA:101,0
DA:104,1
DA:105,0
DA:106,0
DA:108,0
DA:114,0
DA:115,0
DA:118,0
LF:56
LH:13
BRDA:7,0,0,1
BRDA:7,0,1,1
BRDA:7,1,0,2
BRDA:7,1,1,2
BRDA:17,2,0,0
BRDA:17,2,1,0
BRDA:22,3,0,0
BRDA:22,3,1,0
BRDA:37,4,0,0
BRDA:37,4,1,0
BRDA:41,5,0,0
BRDA:43,6,0,0
BRDA:43,6,1,0
BRDA:44,7,0,0
BRDA:44,7,1,0
BRDA:44,8,0,0
BRDA:44,8,1,0
BRDA:49,9,0,0
BRDA:49,9,1,0
BRDA:50,10,0,0
BRDA:50,10,1,0
BRDA:54,11,0,0
BRDA:54,11,1,0
BRDA:73,12,0,0
BRDA:73,12,1,0
BRDA:85,13,0,0
BRDA:85,13,1,0
BRDA:87,14,0,0
BRDA:87,14,1,0
BRDA:106,15,0,0
BRDA:106,15,1,0
BRDA:114,16,0,0
BRDA:114,16,1,0
BRF:33
BRH:4
end_of_record
TN:
SF:modules\store\models\product.model.js
FNF:0
FNH:0
DA:3,1
DA:59,1
DA:60,1
DA:61,1
DA:62,1
DA:64,1
LF:6
LH:6
BRF:0
BRH:0
end_of_record
TN:
SF:utils\ApiError.js
FN:3,(anonymous_0)
FNF:1
FNH:1
FNDA:1,(anonymous_0)
DA:4,1
DA:5,1
DA:6,1
LF:3
LH:3
BRF:0
BRH:0
end_of_record
